0 info it worked if it ends with ok
1 verbose cli [ 'node', '/usr/local/bin/npm', 'start' ]
2 info using npm@1.1.59
3 info using node@v0.8.1
4 verbose node symlink /usr/local/bin/node
5 verbose read json /Users/jsvana/Projects/tests/javascript/marvin/package.json
6 verbose run-script [ 'prestart', 'start', 'poststart' ]
7 info prestart marvin@0.1.0
8 info start marvin@0.1.0
9 verbose unsafe-perm in lifecycle true
10 silly exec sh "-c" "node ./app.js"
11 silly sh,-c,node ./app.js,/Users/jsvana/Projects/tests/javascript/marvin spawning
12 info marvin@0.1.0 Failed to exec start script
13 error marvin@0.1.0 start: `node ./app.js`
13 error `sh "-c" "node ./app.js"` failed with 1
14 error Failed at the marvin@0.1.0 start script.
14 error This is most likely a problem with the marvin package,
14 error not with npm itself.
14 error Tell the author that this fails on your system:
14 error     node ./app.js
14 error You can get their info via:
14 error     npm owner ls marvin
14 error There is likely additional logging output above.
15 error System Darwin 12.2.1
16 error command "node" "/usr/local/bin/npm" "start"
17 error cwd /Users/jsvana/Projects/tests/javascript/marvin
18 error node -v v0.8.1
19 error npm -v 1.1.59
20 error code ELIFECYCLE
21 verbose exit [ 1, true ]
